Base path: C:/Program Files (x86)/Unity/Editor/Data
Pipe name: \\.\pipe\UnityShaderCompiler-6-5856
Cmd: getPlatforms
Cmd: compileSnippet
  api=1 type=0 insize=8984 outsize=479 kw= ok=1
Cmd: compileSnippet
  api=8 type=1 insize=8984 outsize=4721 kw= ok=1
Cmd: compileSnippet
  api=8 type=0 insize=8989 outsize=3023 kw= ok=1
Cmd: compileSnippet
  api=8 type=1 insize=8989 outsize=5087 kw= ok=1
Cmd: compileSnippet
  api=8 type=0 insize=875 outsize=1438 kw= ok=1
Cmd: compileSnippet
  api=1 type=1 insize=984 outsize=285 kw= ok=1
Cmd: compileSnippet
  api=1 type=1 insize=32678 outsize=4414 kw= ok=1
Cmd: compileSnippet
  api=0 type=1 insize=3862 outsize=6 kw= ok=1
Cmd: compileSnippet
  api=1 type=1 insize=6851 outsize=1855 kw= ok=1
Cmd: compileSnippet
  api=0 type=1 insize=4192 outsize=6 kw= ok=1
Cmd: compileSnippet
  api=1 type=1 insize=4197 outsize=813 kw= ok=1
Cmd: compileSnippet
  api=0 type=1 insize=1354 outsize=787 kw= ok=1
Unhandled exception: Readfile from pipe failed. GLE=The pipe has been ended.


Quitting shader compiler process
