Base path: C:/Program Files (x86)/Unity/Editor/Data
Pipe name: \\.\pipe\UnityShaderCompiler-1-7608
Cmd: getPlatforms
Cmd: compileSnippet
  api=1 type=0 insize=2298 outsize=204 kw= ok=1
Cmd: compileSnippet
  api=1 type=1 insize=2298 outsize=6952 kw= ok=1
Cmd: compileSnippet
  api=1 type=0 insize=3079 outsize=169 kw= ok=1
Cmd: compileSnippet
  api=1 type=1 insize=3079 outsize=1336 kw= ok=1
Cmd: compileSnippet
  api=1 type=0 insize=2019 outsize=249 kw= ok=1
Cmd: compileSnippet
  api=1 type=1 insize=2019 outsize=160 kw= ok=1
Cmd: compileSnippet
  api=1 type=0 insize=2803 outsize=204 kw= ok=1
Cmd: compileSnippet
  api=1 type=1 insize=2803 outsize=12477 kw= ok=1
Cmd: compileSnippet
  api=1 type=0 insize=2033 outsize=204 kw= ok=1
Cmd: compileSnippet
  api=1 type=1 insize=2033 outsize=4188 kw= ok=1
Cmd: compileSnippet
  api=1 type=0 insize=19335 outsize=318 kw= ok=1
Cmd: compileSnippet
  api=1 type=1 insize=19335 outsize=325 kw= ok=1
Cmd: compileSnippet
  api=1 type=0 insize=19339 outsize=318 kw= ok=1
Cmd: compileSnippet
  api=1 type=1 insize=19339 outsize=700 kw= ok=1
Cmd: compileSnippet
  api=1 type=0 insize=19335 outsize=318 kw= ok=1
Cmd: compileSnippet
  api=1 type=1 insize=19335 outsize=14835 kw= ok=1
Cmd: compileSnippet
  api=1 type=0 insize=19343 outsize=318 kw= ok=1
Cmd: compileSnippet
  api=1 type=1 insize=19343 outsize=7825 kw= ok=1
Cmd: compileSnippet
  api=1 type=0 insize=776 outsize=211 kw= ok=1
Cmd: compileSnippet
  api=1 type=1 insize=776 outsize=281 kw= ok=1
Cmd: compileSnippet
  api=1 type=0 insize=8625 outsize=318 kw= ok=1
Cmd: compileSnippet
  api=1 type=1 insize=8625 outsize=1670 kw= ok=1
Cmd: compileSnippet
  api=1 type=0 insize=8630 outsize=318 kw= ok=1
Cmd: compileSnippet
  api=1 type=1 insize=8630 outsize=2555 kw= ok=1
Cmd: compileSnippet
  api=1 type=0 insize=8629 outsize=318 kw= ok=1
Cmd: compileSnippet
  api=1 type=1 insize=8629 outsize=121 kw= ok=1
Cmd: compileSnippet
  api=1 type=0 insize=8633 outsize=318 kw= ok=1
Cmd: compileSnippet
  api=1 type=1 insize=8633 outsize=317 kw= ok=1
Cmd: compileSnippet
  api=1 type=0 insize=5459 outsize=302 kw= ok=1
Cmd: compileSnippet
  api=1 type=1 insize=5459 outsize=314 kw= ok=1
Cmd: compileSnippet
  api=1 type=0 insize=5463 outsize=244 kw= ok=1
Cmd: compileSnippet
  api=1 type=1 insize=5463 outsize=824 kw= ok=1
Cmd: compileSnippet
  api=1 type=0 insize=5464 outsize=239 kw= ok=1
Cmd: compileSnippet
  api=1 type=1 insize=5464 outsize=824 kw= ok=1
Cmd: compileSnippet
  api=1 type=0 insize=5451 outsize=335 kw= ok=1
Cmd: compileSnippet
  api=1 type=1 insize=5451 outsize=111 kw= ok=1
Cmd: compileSnippet
  api=1 type=0 insize=5468 outsize=412 kw= ok=1
Cmd: compileSnippet
  api=1 type=1 insize=5468 outsize=662 kw= ok=1
Cmd: compileSnippet
  api=1 type=0 insize=5470 outsize=412 kw= ok=1
Cmd: compileSnippet
  api=1 type=1 insize=5470 outsize=662 kw= ok=1
Cmd: compileSnippet
  api=1 type=0 insize=1317 outsize=542 kw= ok=1
Cmd: compileSnippet
  api=1 type=1 insize=1317 outsize=339 kw= ok=1
Cmd: compileSnippet
  api=1 type=0 insize=1353 outsize=445 kw= ok=1
Cmd: compileSnippet
  api=1 type=1 insize=1353 outsize=284 kw= ok=1
Cmd: compileSnippet
  api=1 type=0 insize=848 outsize=211 kw= ok=1
Cmd: compileSnippet
  api=1 type=1 insize=848 outsize=119 kw= ok=1
